<?xml version="1.0" encoding="UTF-8"?>
<testng-results ignored="0" total="1" passed="1" failed="0" skipped="0">
  <reporter-output>
  </reporter-output>
  <suite started-at="2025-02-19T06:07:11 WIB" name="Surefire suite" finished-at="2025-02-19T06:07:23 WIB" duration-ms="11972">
    <groups>
    </groups>
    <test started-at="2025-02-19T06:07:11 WIB" name="Surefire test" finished-at="2025-02-19T06:07:23 WIB" duration-ms="11972">
      <class name="com.gmailtest.GmailTest">
        <test-method is-config="true" signature="setup()[pri:0, instance:com.gmailtest.GmailTest@778d1062]" started-at="2025-02-19T06:07:11 WIB" name="setup" finished-at="2025-02-19T06:07:14 WIB" duration-ms="2068" status="PASS">
          <reporter-output>
          </reporter-output>
        </test-method> <!-- setup -->
        <test-method signature="loginAndFetchUnreadEmails()[pri:0, instance:com.gmailtest.GmailTest@778d1062]" started-at="2025-02-19T06:07:14 WIB" name="loginAndFetchUnreadEmails" finished-at="2025-02-19T06:07:23 WIB" duration-ms="9771" status="PASS">
          <reporter-output>
          </reporter-output>
        </test-method> <!-- loginAndFetchUnreadEmails -->
        <test-method is-config="true" signature="tearDown()[pri:0, instance:com.gmailtest.GmailTest@778d1062]" started-at="2025-02-19T06:07:23 WIB" name="tearDown" finished-at="2025-02-19T06:07:23 WIB" duration-ms="113" status="PASS">
          <reporter-output>
          </reporter-output>
        </test-method> <!-- tearDown -->
      </class> <!-- com.gmailtest.GmailTest -->
    </test> <!-- Surefire test -->
  </suite> <!-- Surefire suite -->
</testng-results>
